2022-02-13 22:38:05,636:INFO:PyCaret Supervised Module
2022-02-13 22:38:05,636:INFO:ML Usecase: regression
2022-02-13 22:38:05,636:INFO:version 2.2.2
2022-02-13 22:38:05,636:INFO:Initializing setup()
2022-02-13 22:38:05,636:INFO:setup(target=Passengers, ml_usecase=regression, available_plots={'parameter': 'Hyperparameters', 'residuals': 'Residuals', 'error': 'Prediction Error', 'cooks': 'Cooks Distance', 'rfe': 'Feature Selection', 'learning': 'Learning Curve', 'manifold': 'Manifold Learning', 'vc': 'Validation Curve', 'feature': 'Feature Importance', 'feature_all': 'Feature Importance (All)', 'tree': 'Decision Tree'}, train_size=0.7, test_data=     Series  Year  Month  Passengers
132     133  1960      1         417
133     134  1960      2         391
134     135  1960      3         419
135     136  1960      4         461
136     137  1960      5         472
137     138  1960      6         535
138     139  1960      7         622
139     140  1960      8         606
140     141  1960      9         508
141     142  1960     10         461
142     143  1960     11         390
143     144  1960     12         432, preprocess=True, imputation_type=simple, iterative_imputation_iters=5, categorical_features=None, categorical_imputation=constant, categorical_iterative_imputer=lightgbm, ordinal_features=None, high_cardinality_features=None, high_cardinality_method=frequency, numeric_features=['Year', 'Series'], numeric_imputation=mean, numeric_iterative_imputer=lightgbm, date_features=None, ignore_features=None, normalize=False, normalize_method=zscore, transformation=False, transformation_method=yeo-johnson, handle_unknown_categorical=True, unknown_categorical_method=least_frequent, pca=False, pca_method=linear, pca_components=None, ignore_low_variance=False, combine_rare_levels=False, rare_level_threshold=0.1, bin_numeric_features=None, remove_outliers=False, outliers_threshold=0.05, remove_multicollinearity=False, multicollinearity_threshold=0.9, remove_perfect_collinearity=True, create_clusters=False, cluster_iter=20, polynomial_features=False, polynomial_degree=2, trigonometry_features=False, polynomial_threshold=0.1, group_features=None, group_names=None, feature_selection=False, feature_selection_threshold=0.8, feature_selection_method=classic, feature_interaction=False, feature_ratio=False, interaction_threshold=0.01, fix_imbalance=False, fix_imbalance_method=None, transform_target=True, transform_target_method=box-cox, data_split_shuffle=True, data_split_stratify=False, fold_strategy=timeseries, fold=3, fold_shuffle=False, fold_groups=None, n_jobs=-1, use_gpu=False, custom_pipeline=None, html=True, session_id=123, log_experiment=False, experiment_name=None, log_plots=False, log_profile=False, log_data=False, silent=False, verbose=True, profile=False, profile_kwargs=None, display=None)
2022-02-13 22:38:05,636:INFO:Checking environment
2022-02-13 22:38:05,636:INFO:python_version: 3.10.2
2022-02-13 22:38:05,636:INFO:python_build: ('tags/v3.10.2:a58ebcc', 'Jan 17 2022 14:12:15')
2022-02-13 22:38:05,636:INFO:machine: AMD64
2022-02-13 22:38:05,656:INFO:platform: Windows-10-10.0.22000-SP0
2022-02-13 22:38:05,657:WARNING:cannot find psutil installation. memory not traceable. Install psutil using pip to enable memory logging.
2022-02-13 22:38:05,658:INFO:Checking libraries
2022-02-13 22:38:05,658:INFO:pd==1.4.1
2022-02-13 22:38:05,658:INFO:numpy==1.21.5
2022-02-13 22:38:05,658:INFO:sklearn==1.0.2
2022-02-13 22:38:05,818:INFO:xgboost==1.5.2
2022-02-13 22:38:05,818:INFO:lightgbm==3.3.2
2022-02-13 22:38:05,906:INFO:catboost==1.0.4
2022-02-13 22:38:06,420:INFO:mlflow==1.23.1
2022-02-13 22:38:06,420:INFO:Checking Exceptions
2022-02-13 22:38:06,421:INFO:Declaring global variables
2022-02-13 22:38:06,421:INFO:USI: 496b
2022-02-13 22:38:06,421:INFO:pycaret_globals: {'X', 'pycaret_globals', 'html_param', 'seed', 'fold_shuffle_param', 'y', 'gpu_param', 'X_train', 'y_test', '_all_models', 'n_jobs_param', 'exp_name_log', '_all_metrics', 'fold_generator', '_gpu_n_jobs_param', '_available_plots', 'target_param', 'imputation_classifier', 'experiment__', 'fix_imbalance_param', 'imputation_regressor', 'X_test', 'transform_target_method_param', '_internal_pipeline', '_ml_usecase', 'prep_pipe', 'master_model_container', 'data_before_preprocess', 'stratify_param', 'USI', 'iterative_imputation_iters_param', 'fix_imbalance_method_param', 'logging_param', 'display_container', 'fold_param', 'create_model_container', 'fold_groups_param', 'transform_target_param', 'log_plots_param', 'y_train', '_all_models_internal'}
2022-02-13 22:38:06,421:INFO:Preparing display monitor
2022-02-13 22:38:06,421:INFO:Preparing display monitor
2022-02-13 22:38:06,426:INFO:Importing libraries
2022-02-13 22:38:06,427:INFO:Copying data for preprocessing
2022-02-13 22:38:06,430:INFO:Declaring preprocessing parameters
2022-02-13 22:38:06,431:INFO:Creating preprocessing pipeline
2022-02-13 22:38:06,433:INFO:Preprocessing pipeline created successfully
2022-02-13 22:38:06,433:ERROR:(Process Exit): setup has been interupted with user command 'quit'. setup must rerun.
2022-02-13 22:38:06,433:INFO:Creating global containers
2022-02-13 22:38:06,434:INFO:Internal pipeline: Pipeline(memory=None, steps=[('empty_step', 'passthrough')], verbose=False)
2022-02-13 22:54:15,773:INFO:Creating grid variables
2022-02-13 22:54:15,784:INFO:create_model_container: 0
2022-02-13 22:54:15,784:INFO:master_model_container: 0
2022-02-13 22:54:15,784:INFO:display_container: 0
2022-02-13 23:01:53,776:INFO:PyCaret Supervised Module
2022-02-13 23:01:53,776:INFO:ML Usecase: regression
2022-02-13 23:01:53,776:INFO:version 2.2.2
2022-02-13 23:01:53,777:INFO:Initializing setup()
2022-02-13 23:01:53,777:INFO:setup(target=Passengers, ml_usecase=regression, available_plots={'parameter': 'Hyperparameters', 'residuals': 'Residuals', 'error': 'Prediction Error', 'cooks': 'Cooks Distance', 'rfe': 'Feature Selection', 'learning': 'Learning Curve', 'manifold': 'Manifold Learning', 'vc': 'Validation Curve', 'feature': 'Feature Importance', 'feature_all': 'Feature Importance (All)', 'tree': 'Decision Tree'}, train_size=0.7, test_data=     Series  Year  Month  Passengers
132     133  1960      1         417
133     134  1960      2         391
134     135  1960      3         419
135     136  1960      4         461
136     137  1960      5         472
137     138  1960      6         535
138     139  1960      7         622
139     140  1960      8         606
140     141  1960      9         508
141     142  1960     10         461
142     143  1960     11         390
143     144  1960     12         432, preprocess=True, imputation_type=iterative, iterative_imputation_iters=5, categorical_features=None, categorical_imputation=constant, categorical_iterative_imputer=lightgbm, ordinal_features=None, high_cardinality_features=None, high_cardinality_method=frequency, numeric_features=['Year', 'Series'], numeric_imputation=mean, numeric_iterative_imputer=lightgbm, date_features=None, ignore_features=None, normalize=False, normalize_method=zscore, transformation=False, transformation_method=yeo-johnson, handle_unknown_categorical=True, unknown_categorical_method=least_frequent, pca=False, pca_method=linear, pca_components=None, ignore_low_variance=False, combine_rare_levels=False, rare_level_threshold=0.1, bin_numeric_features=None, remove_outliers=False, outliers_threshold=0.05, remove_multicollinearity=False, multicollinearity_threshold=0.9, remove_perfect_collinearity=True, create_clusters=False, cluster_iter=20, polynomial_features=False, polynomial_degree=2, trigonometry_features=False, polynomial_threshold=0.1, group_features=None, group_names=None, feature_selection=False, feature_selection_threshold=0.8, feature_selection_method=classic, feature_interaction=False, feature_ratio=False, interaction_threshold=0.01, fix_imbalance=False, fix_imbalance_method=None, transform_target=True, transform_target_method=box-cox, data_split_shuffle=True, data_split_stratify=False, fold_strategy=timeseries, fold=3, fold_shuffle=False, fold_groups=None, n_jobs=-1, use_gpu=False, custom_pipeline=None, html=True, session_id=123, log_experiment=False, experiment_name=None, log_plots=False, log_profile=False, log_data=False, silent=False, verbose=True, profile=False, profile_kwargs=None, display=None)
2022-02-13 23:01:53,777:INFO:Checking environment
2022-02-13 23:01:53,777:INFO:python_version: 3.10.2
2022-02-13 23:01:53,777:INFO:python_build: ('tags/v3.10.2:a58ebcc', 'Jan 17 2022 14:12:15')
2022-02-13 23:01:53,777:INFO:machine: AMD64
2022-02-13 23:01:53,797:INFO:platform: Windows-10-10.0.22000-SP0
2022-02-13 23:01:53,798:WARNING:cannot find psutil installation. memory not traceable. Install psutil using pip to enable memory logging.
2022-02-13 23:01:53,798:INFO:Checking libraries
2022-02-13 23:01:53,798:INFO:pd==1.4.1
2022-02-13 23:01:53,798:INFO:numpy==1.21.5
2022-02-13 23:01:53,798:INFO:sklearn==1.0.2
2022-02-13 23:01:54,059:INFO:xgboost==1.5.2
2022-02-13 23:01:54,059:INFO:lightgbm==3.3.2
2022-02-13 23:01:54,163:INFO:catboost==1.0.4
2022-02-13 23:01:54,674:INFO:mlflow==1.23.1
2022-02-13 23:01:54,675:INFO:Checking Exceptions
2022-02-13 23:01:54,675:INFO:Declaring global variables
2022-02-13 23:01:54,675:INFO:USI: 589b
2022-02-13 23:01:54,675:INFO:pycaret_globals: {'create_model_container', 'y_train', 'imputation_regressor', 'exp_name_log', '_gpu_n_jobs_param', 'fold_generator', 'logging_param', 'seed', '_all_models', 'y_test', 'transform_target_param', 'y', 'transform_target_method_param', 'X', 'master_model_container', 'X_test', 'imputation_classifier', 'fix_imbalance_param', '_available_plots', 'fold_groups_param', '_internal_pipeline', 'USI', 'fold_param', 'display_container', 'target_param', 'stratify_param', 'gpu_param', 'n_jobs_param', 'X_train', '_all_models_internal', '_ml_usecase', 'html_param', 'fold_shuffle_param', 'prep_pipe', 'data_before_preprocess', 'iterative_imputation_iters_param', 'log_plots_param', '_all_metrics', 'pycaret_globals', 'fix_imbalance_method_param', 'experiment__'}
2022-02-13 23:01:54,675:INFO:Preparing display monitor
2022-02-13 23:01:54,675:INFO:Preparing display monitor
2022-02-13 23:01:54,681:INFO:Importing libraries
2022-02-13 23:01:54,681:INFO:Copying data for preprocessing
2022-02-13 23:01:54,684:INFO:Declaring preprocessing parameters
2022-02-13 23:01:54,684:INFO:Setting up iterative imputation
2022-02-13 23:01:54,945:INFO:Creating preprocessing pipeline
2022-02-13 23:01:54,948:INFO:Preprocessing pipeline created successfully
2022-02-13 23:01:54,948:ERROR:(Process Exit): setup has been interupted with user command 'quit'. setup must rerun.
2022-02-13 23:01:54,948:INFO:Creating global containers
2022-02-13 23:01:54,949:INFO:Internal pipeline: Pipeline(memory=None, steps=[('empty_step', 'passthrough')], verbose=False)
2022-02-13 23:05:25,184:INFO:Creating grid variables
2022-02-13 23:05:25,186:INFO:create_model_container: 0
2022-02-13 23:05:25,186:INFO:master_model_container: 0
2022-02-13 23:05:25,186:INFO:display_container: 0
2022-02-13 23:06:39,800:INFO:PyCaret Supervised Module
2022-02-13 23:06:39,800:INFO:ML Usecase: regression
2022-02-13 23:06:39,800:INFO:version 2.2.2
2022-02-13 23:06:39,801:INFO:Initializing setup()
2022-02-13 23:06:39,802:INFO:setup(target=Passengers, ml_usecase=regression, available_plots={'parameter': 'Hyperparameters', 'residuals': 'Residuals', 'error': 'Prediction Error', 'cooks': 'Cooks Distance', 'rfe': 'Feature Selection', 'learning': 'Learning Curve', 'manifold': 'Manifold Learning', 'vc': 'Validation Curve', 'feature': 'Feature Importance', 'feature_all': 'Feature Importance (All)', 'tree': 'Decision Tree'}, train_size=0.7, test_data=     Series  Year  Month  Passengers
132     133  1960      1         417
133     134  1960      2         391
134     135  1960      3         419
135     136  1960      4         461
136     137  1960      5         472
137     138  1960      6         535
138     139  1960      7         622
139     140  1960      8         606
140     141  1960      9         508
141     142  1960     10         461
142     143  1960     11         390
143     144  1960     12         432, preprocess=True, imputation_type=simple, iterative_imputation_iters=5, categorical_features=None, categorical_imputation=constant, categorical_iterative_imputer=lightgbm, ordinal_features=None, high_cardinality_features=None, high_cardinality_method=frequency, numeric_features=['Year', 'Series'], numeric_imputation=mean, numeric_iterative_imputer=lightgbm, date_features=None, ignore_features=None, normalize=False, normalize_method=zscore, transformation=False, transformation_method=yeo-johnson, handle_unknown_categorical=True, unknown_categorical_method=least_frequent, pca=False, pca_method=linear, pca_components=None, ignore_low_variance=False, combine_rare_levels=False, rare_level_threshold=0.1, bin_numeric_features=None, remove_outliers=False, outliers_threshold=0.05, remove_multicollinearity=False, multicollinearity_threshold=0.9, remove_perfect_collinearity=True, create_clusters=False, cluster_iter=20, polynomial_features=False, polynomial_degree=2, trigonometry_features=False, polynomial_threshold=0.1, group_features=None, group_names=None, feature_selection=False, feature_selection_threshold=0.8, feature_selection_method=classic, feature_interaction=False, feature_ratio=False, interaction_threshold=0.01, fix_imbalance=False, fix_imbalance_method=None, transform_target=True, transform_target_method=box-cox, data_split_shuffle=True, data_split_stratify=False, fold_strategy=timeseries, fold=3, fold_shuffle=False, fold_groups=None, n_jobs=-1, use_gpu=False, custom_pipeline=None, html=True, session_id=123, log_experiment=False, experiment_name=None, log_plots=False, log_profile=False, log_data=False, silent=False, verbose=True, profile=False, profile_kwargs=None, display=None)
2022-02-13 23:06:39,802:INFO:Checking environment
2022-02-13 23:06:39,802:INFO:python_version: 3.10.2
2022-02-13 23:06:39,803:INFO:python_build: ('tags/v3.10.2:a58ebcc', 'Jan 17 2022 14:12:15')
2022-02-13 23:06:39,803:INFO:machine: AMD64
2022-02-13 23:06:39,848:INFO:platform: Windows-10-10.0.22000-SP0
2022-02-13 23:06:39,849:WARNING:cannot find psutil installation. memory not traceable. Install psutil using pip to enable memory logging.
2022-02-13 23:06:39,849:INFO:Checking libraries
2022-02-13 23:06:39,849:INFO:pd==1.4.1
2022-02-13 23:06:39,849:INFO:numpy==1.21.5
2022-02-13 23:06:39,849:INFO:sklearn==1.0.2
2022-02-13 23:06:40,114:INFO:xgboost==1.5.2
2022-02-13 23:06:40,114:INFO:lightgbm==3.3.2
2022-02-13 23:06:40,246:INFO:catboost==1.0.4
2022-02-13 23:06:40,788:INFO:mlflow==1.23.1
2022-02-13 23:06:40,788:INFO:Checking Exceptions
2022-02-13 23:06:40,789:INFO:Declaring global variables
2022-02-13 23:06:40,789:INFO:USI: 5ed3
2022-02-13 23:06:40,789:INFO:pycaret_globals: {'USI', 'transform_target_method_param', 'X', 'create_model_container', '_all_metrics', 'imputation_classifier', '_ml_usecase', 'y_train', 'log_plots_param', 'master_model_container', 'fold_shuffle_param', 'iterative_imputation_iters_param', 'prep_pipe', 'transform_target_param', 'n_jobs_param', 'exp_name_log', 'y', 'fold_param', 'display_container', 'html_param', 'gpu_param', '_all_models', 'stratify_param', 'fold_generator', 'imputation_regressor', 'y_test', 'X_test', 'data_before_preprocess', 'X_train', 'seed', '_gpu_n_jobs_param', 'logging_param', 'fix_imbalance_param', 'pycaret_globals', 'fix_imbalance_method_param', 'target_param', '_internal_pipeline', 'fold_groups_param', 'experiment__', '_all_models_internal', '_available_plots'}
2022-02-13 23:06:40,789:INFO:Preparing display monitor
2022-02-13 23:06:40,789:INFO:Preparing display monitor
2022-02-13 23:06:40,794:INFO:Importing libraries
2022-02-13 23:06:40,794:INFO:Copying data for preprocessing
2022-02-13 23:06:40,797:INFO:Declaring preprocessing parameters
2022-02-13 23:06:40,798:INFO:Creating preprocessing pipeline
2022-02-13 23:06:40,801:INFO:Preprocessing pipeline created successfully
2022-02-13 23:06:40,801:ERROR:(Process Exit): setup has been interupted with user command 'quit'. setup must rerun.
2022-02-13 23:06:40,801:INFO:Creating global containers
2022-02-13 23:06:40,803:INFO:Internal pipeline: Pipeline(memory=None, steps=[('empty_step', 'passthrough')], verbose=False)
2022-02-13 23:06:56,056:INFO:Creating grid variables
2022-02-13 23:06:56,057:INFO:create_model_container: 0
2022-02-13 23:06:56,057:INFO:master_model_container: 0
2022-02-13 23:06:56,057:INFO:display_container: 0
2022-02-13 23:07:57,495:INFO:PyCaret Supervised Module
2022-02-13 23:07:57,495:INFO:ML Usecase: regression
2022-02-13 23:07:57,495:INFO:version 2.2.2
2022-02-13 23:07:57,495:INFO:Initializing setup()
2022-02-13 23:07:57,495:INFO:setup(target=Passengers, ml_usecase=regression, available_plots={'parameter': 'Hyperparameters', 'residuals': 'Residuals', 'error': 'Prediction Error', 'cooks': 'Cooks Distance', 'rfe': 'Feature Selection', 'learning': 'Learning Curve', 'manifold': 'Manifold Learning', 'vc': 'Validation Curve', 'feature': 'Feature Importance', 'feature_all': 'Feature Importance (All)', 'tree': 'Decision Tree'}, train_size=0.7, test_data=     Series  Year  Month  Passengers
132     133  1960      1         417
133     134  1960      2         391
134     135  1960      3         419
135     136  1960      4         461
136     137  1960      5         472
137     138  1960      6         535
138     139  1960      7         622
139     140  1960      8         606
140     141  1960      9         508
141     142  1960     10         461
142     143  1960     11         390
143     144  1960     12         432, preprocess=True, imputation_type=simple, iterative_imputation_iters=5, categorical_features=None, categorical_imputation=constant, categorical_iterative_imputer=lightgbm, ordinal_features=None, high_cardinality_features=None, high_cardinality_method=frequency, numeric_features=['Year', 'Series'], numeric_imputation=mean, numeric_iterative_imputer=lightgbm, date_features=None, ignore_features=None, normalize=False, normalize_method=zscore, transformation=False, transformation_method=yeo-johnson, handle_unknown_categorical=True, unknown_categorical_method=least_frequent, pca=False, pca_method=linear, pca_components=None, ignore_low_variance=False, combine_rare_levels=False, rare_level_threshold=0.1, bin_numeric_features=None, remove_outliers=False, outliers_threshold=0.05, remove_multicollinearity=False, multicollinearity_threshold=0.9, remove_perfect_collinearity=True, create_clusters=False, cluster_iter=20, polynomial_features=False, polynomial_degree=2, trigonometry_features=False, polynomial_threshold=0.1, group_features=None, group_names=None, feature_selection=False, feature_selection_threshold=0.8, feature_selection_method=classic, feature_interaction=False, feature_ratio=False, interaction_threshold=0.01, fix_imbalance=False, fix_imbalance_method=None, transform_target=True, transform_target_method=box-cox, data_split_shuffle=True, data_split_stratify=False, fold_strategy=timeseries, fold=3, fold_shuffle=False, fold_groups=None, n_jobs=-1, use_gpu=False, custom_pipeline=None, html=True, session_id=123, log_experiment=False, experiment_name=None, log_plots=False, log_profile=False, log_data=False, silent=False, verbose=True, profile=False, profile_kwargs=None, display=None)
2022-02-13 23:07:57,495:INFO:Checking environment
2022-02-13 23:07:57,495:INFO:python_version: 3.10.2
2022-02-13 23:07:57,495:INFO:python_build: ('tags/v3.10.2:a58ebcc', 'Jan 17 2022 14:12:15')
2022-02-13 23:07:57,496:INFO:machine: AMD64
2022-02-13 23:07:57,515:INFO:platform: Windows-10-10.0.22000-SP0
2022-02-13 23:07:57,515:WARNING:cannot find psutil installation. memory not traceable. Install psutil using pip to enable memory logging.
2022-02-13 23:07:57,515:INFO:Checking libraries
2022-02-13 23:07:57,516:INFO:pd==1.4.1
2022-02-13 23:07:57,516:INFO:numpy==1.21.5
2022-02-13 23:07:57,516:INFO:sklearn==1.0.2
2022-02-13 23:07:57,632:INFO:xgboost==1.5.2
2022-02-13 23:07:57,632:INFO:lightgbm==3.3.2
2022-02-13 23:07:57,717:INFO:catboost==1.0.4
2022-02-13 23:07:58,170:INFO:mlflow==1.23.1
2022-02-13 23:07:58,171:INFO:Checking Exceptions
2022-02-13 23:07:58,171:INFO:Declaring global variables
2022-02-13 23:07:58,171:INFO:USI: 440a
2022-02-13 23:07:58,171:INFO:pycaret_globals: {'display_container', 'gpu_param', 'fold_param', '_internal_pipeline', 'X', 'y_test', 'experiment__', 'seed', 'USI', 'master_model_container', '_all_metrics', '_all_models', '_ml_usecase', 'fix_imbalance_method_param', 'X_train', 'data_before_preprocess', 'fold_groups_param', 'imputation_regressor', 'stratify_param', 'y', '_available_plots', 'fix_imbalance_param', 'transform_target_method_param', 'html_param', 'y_train', 'target_param', '_gpu_n_jobs_param', '_all_models_internal', 'exp_name_log', 'imputation_classifier', 'fold_generator', 'prep_pipe', 'create_model_container', 'n_jobs_param', 'fold_shuffle_param', 'transform_target_param', 'iterative_imputation_iters_param', 'logging_param', 'log_plots_param', 'pycaret_globals', 'X_test'}
2022-02-13 23:07:58,171:INFO:Preparing display monitor
2022-02-13 23:07:58,171:INFO:Preparing display monitor
2022-02-13 23:07:58,177:INFO:Importing libraries
2022-02-13 23:07:58,177:INFO:Copying data for preprocessing
2022-02-13 23:07:58,179:INFO:Declaring preprocessing parameters
2022-02-13 23:07:58,179:INFO:Creating preprocessing pipeline
2022-02-13 23:07:58,182:INFO:Preprocessing pipeline created successfully
2022-02-13 23:07:58,182:ERROR:(Process Exit): setup has been interupted with user command 'quit'. setup must rerun.
2022-02-13 23:07:58,182:INFO:Creating global containers
2022-02-13 23:07:58,183:INFO:Internal pipeline: Pipeline(memory=None, steps=[('empty_step', 'passthrough')], verbose=False)
2022-02-13 23:08:00,415:INFO:Creating grid variables
2022-02-13 23:08:00,417:INFO:create_model_container: 0
2022-02-13 23:08:00,417:INFO:master_model_container: 0
2022-02-13 23:08:00,417:INFO:display_container: 0
2022-02-17 18:44:41,465:INFO:PyCaret Supervised Module
2022-02-17 18:44:41,465:INFO:ML Usecase: regression
2022-02-17 18:44:41,465:INFO:version 2.2.2
2022-02-17 18:44:41,465:INFO:Initializing setup()
2022-02-17 18:44:41,465:INFO:setup(target=Passengers, ml_usecase=regression, available_plots={'parameter': 'Hyperparameters', 'residuals': 'Residuals', 'error': 'Prediction Error', 'cooks': 'Cooks Distance', 'rfe': 'Feature Selection', 'learning': 'Learning Curve', 'manifold': 'Manifold Learning', 'vc': 'Validation Curve', 'feature': 'Feature Importance', 'feature_all': 'Feature Importance (All)', 'tree': 'Decision Tree'}, train_size=0.7, test_data=     Series  Year  Month  Passengers
132     133  1960      1         417
133     134  1960      2         391
134     135  1960      3         419
135     136  1960      4         461
136     137  1960      5         472
137     138  1960      6         535
138     139  1960      7         622
139     140  1960      8         606
140     141  1960      9         508
141     142  1960     10         461
142     143  1960     11         390
143     144  1960     12         432, preprocess=True, imputation_type=simple, iterative_imputation_iters=5, categorical_features=None, categorical_imputation=constant, categorical_iterative_imputer=lightgbm, ordinal_features=None, high_cardinality_features=None, high_cardinality_method=frequency, numeric_features=['Year', 'Series'], numeric_imputation=mean, numeric_iterative_imputer=lightgbm, date_features=None, ignore_features=None, normalize=False, normalize_method=zscore, transformation=False, transformation_method=yeo-johnson, handle_unknown_categorical=True, unknown_categorical_method=least_frequent, pca=False, pca_method=linear, pca_components=None, ignore_low_variance=False, combine_rare_levels=False, rare_level_threshold=0.1, bin_numeric_features=None, remove_outliers=False, outliers_threshold=0.05, remove_multicollinearity=False, multicollinearity_threshold=0.9, remove_perfect_collinearity=True, create_clusters=False, cluster_iter=20, polynomial_features=False, polynomial_degree=2, trigonometry_features=False, polynomial_threshold=0.1, group_features=None, group_names=None, feature_selection=False, feature_selection_threshold=0.8, feature_selection_method=classic, feature_interaction=False, feature_ratio=False, interaction_threshold=0.01, fix_imbalance=False, fix_imbalance_method=None, transform_target=True, transform_target_method=box-cox, data_split_shuffle=True, data_split_stratify=False, fold_strategy=timeseries, fold=3, fold_shuffle=False, fold_groups=None, n_jobs=-1, use_gpu=False, custom_pipeline=None, html=True, session_id=123, log_experiment=False, experiment_name=None, log_plots=False, log_profile=False, log_data=False, silent=False, verbose=True, profile=False, profile_kwargs=None, display=None)
2022-02-17 18:44:41,465:INFO:Checking environment
2022-02-17 18:44:41,465:INFO:python_version: 3.10.2
2022-02-17 18:44:41,465:INFO:python_build: ('tags/v3.10.2:a58ebcc', 'Jan 17 2022 14:12:15')
2022-02-17 18:44:41,465:INFO:machine: AMD64
2022-02-17 18:44:41,484:INFO:platform: Windows-10-10.0.22000-SP0
2022-02-17 18:44:41,484:WARNING:cannot find psutil installation. memory not traceable. Install psutil using pip to enable memory logging.
2022-02-17 18:44:41,484:INFO:Checking libraries
2022-02-17 18:44:41,485:INFO:pd==1.4.1
2022-02-17 18:44:41,485:INFO:numpy==1.21.5
2022-02-17 18:44:41,485:INFO:sklearn==1.0.2
2022-02-17 18:44:41,742:INFO:xgboost==1.5.2
2022-02-17 18:44:41,742:INFO:lightgbm==3.3.2
2022-02-17 18:44:41,877:INFO:catboost==1.0.4
2022-02-17 18:44:42,997:INFO:mlflow==1.23.1
2022-02-17 18:44:42,997:INFO:Checking Exceptions
2022-02-17 18:44:42,998:INFO:Declaring global variables
2022-02-17 18:44:42,998:INFO:USI: 3b92
2022-02-17 18:44:42,998:INFO:pycaret_globals: {'y', 'imputation_regressor', 'USI', 'gpu_param', 'transform_target_param', 'stratify_param', 'y_test', 'fold_generator', 'exp_name_log', 'target_param', '_all_metrics', '_available_plots', 'transform_target_method_param', 'prep_pipe', 'X_train', 'master_model_container', 'pycaret_globals', 'imputation_classifier', 'seed', 'X', 'logging_param', 'fold_param', '_all_models_internal', 'log_plots_param', 'y_train', '_gpu_n_jobs_param', 'fix_imbalance_method_param', '_all_models', 'create_model_container', 'fold_groups_param', 'html_param', '_ml_usecase', 'X_test', 'experiment__', 'n_jobs_param', 'display_container', 'iterative_imputation_iters_param', 'fix_imbalance_param', 'fold_shuffle_param', '_internal_pipeline', 'data_before_preprocess'}
2022-02-17 18:44:42,998:INFO:Preparing display monitor
2022-02-17 18:44:42,998:INFO:Preparing display monitor
2022-02-17 18:44:43,003:INFO:Importing libraries
2022-02-17 18:44:43,004:INFO:Copying data for preprocessing
2022-02-17 18:44:43,006:INFO:Declaring preprocessing parameters
2022-02-17 18:44:43,006:INFO:Creating preprocessing pipeline
2022-02-17 18:44:43,009:INFO:Preprocessing pipeline created successfully
2022-02-17 18:44:43,009:ERROR:(Process Exit): setup has been interupted with user command 'quit'. setup must rerun.
2022-02-17 18:44:43,009:INFO:Creating global containers
2022-02-17 18:44:43,012:INFO:Internal pipeline: Pipeline(memory=None, steps=[('empty_step', 'passthrough')], verbose=False)
